<?xml version="1.0" encoding="UTF-8"?>
<!-- Generated by org.testng.reporters.JUnitReportReporter -->
<testsuite hostname="SHARMAPC" name="qa.com.testCases.AddCandidates" tests="1" failures="0" timestamp="1 Jan 2022 08:44:21 GMT" time="41.395" errors="0">
  <testcase name="addCandidate" time="41.395" classname="qa.com.testCases.AddCandidates"/>
</testsuite> <!-- qa.com.testCases.AddCandidates -->
