<?xml version="1.0" encoding="UTF-8"?>
<!-- Generated by org.testng.reporters.JUnitReportReporter -->
<testsuite hostname="WKKZF-PC220" name="qa.com.testCases.HomePageTest" tests="1" failures="0" timestamp="15 Oct 2021 12:35:51 GMT" time="16.918" errors="0">
  <testcase name="verifyHomePageTitle" time="16.918" classname="qa.com.testCases.HomePageTest"/>
</testsuite> <!-- qa.com.testCases.HomePageTest -->
