<?xml version="1.0" encoding="UTF-8"?>
<!-- Generated by org.testng.reporters.JUnitReportReporter -->
<testsuite hostname="SHARMAPC" name="qa.com.testCases.HomePageTest" tests="1" failures="0" timestamp="1 Jan 2022 07:44:07 GMT" time="42.757" errors="0">
  <testcase name="verifyHomePageTitle" time="42.757" classname="qa.com.testCases.HomePageTest"/>
</testsuite> <!-- qa.com.testCases.HomePageTest -->
