<?xml version="1.0" encoding="UTF-8"?>
<!-- Generated by org.testng.reporters.JUnitReportReporter -->
<testsuite hostname="SHARMAPC" name="qa.com.testCases.HomePageTest" tests="1" failures="0" timestamp="29 Dec 2021 15:11:08 GMT" time="38.021" errors="0">
  <testcase name="verifyHomePageTitle" time="38.021" classname="qa.com.testCases.HomePageTest"/>
</testsuite> <!-- qa.com.testCases.HomePageTest -->
